<?xml version="1.0" encoding="UTF-8"?>
<testsuite xmlns:xsi="http://www.w3.org/2001/XMLSchema-instance" xsi:noNamespaceSchemaLocation="https://maven.apache.org/surefire/maven-failsafe-plugin/xsd/failsafe-test-report-3.0.xsd" version="3.0" name="com.endava.calculator.CalculatorIT" time="0.101" tests="11" errors="0" skipped="0" failures="0">
  <properties>
[...]
</properties>
  <testcase name="shouldFactGiven2DigitsNumber" classname="com.endava.calculator.CalculatorIT" time="0.018">
    <system-out><![CDATA[Before All
Before Each
3.99168E7
After Each
]]></system-out>
  </testcase>
  <testcase name="shouldMultiply2PositiveNumbers" classname="com.endava.calculator.CalculatorIT" time="0">
    <system-out><![CDATA[Before Each
6
After Each
]]></system-out>
  </testcase>
  <testcase name="shouldMultiplyGivenOperandAnd0" classname="com.endava.calculator.CalculatorIT" time="0">
    <system-out><![CDATA[Before Each
0
After Each
]]></system-out>
  </testcase>
  <testcase name="shouldFactGivenZero" classname="com.endava.calculator.CalculatorIT" time="0">
    <system-out><![CDATA[Before Each
1.0
After Each
]]></system-out>
  </testcase>
  <testcase name="shouldMultiplyGiven1Operand" classname="com.endava.calculator.CalculatorIT" time="0.005">
    <system-out><![CDATA[Before Each
3
After Each
]]></system-out>
  </testcase>
  <testcase name="shouldPowNegativeExponent" classname="com.endava.calculator.CalculatorIT" time="0.008">
    <system-out><![CDATA[Before Each
0.5
After Each
]]></system-out>
  </testcase>
  <testcase name="shouldPowNegativeBase" classname="com.endava.calculator.CalculatorIT" time="0.001">
    <system-out><![CDATA[Before Each
-8.0
After Each
]]></system-out>
  </testcase>
  <testcase name="shouldPowSimpleNumbers" classname="com.endava.calculator.CalculatorIT" time="0.002">
    <system-out><![CDATA[Before Each
8.0
After Each
]]></system-out>
  </testcase>
  <testcase name="shouldMultiplyMultipleNumbers" classname="com.endava.calculator.CalculatorIT" time="0">
    <system-out><![CDATA[Before Each
60
After Each
]]></system-out>
  </testcase>
  <testcase name="shouldFactSimpleNumber" classname="com.endava.calculator.CalculatorIT" time="0">
    <system-out><![CDATA[Before Each
24.0
After Each
]]></system-out>
  </testcase>
  <testcase name="shouldPowExponent0" classname="com.endava.calculator.CalculatorIT" time="0.002">
    <system-out><![CDATA[Before Each
1.0
After Each
]]></system-out>
  </testcase>
</testsuite>